0 info it worked if it ends with ok
1 verbose cli [ 'C:\\Program Files\\nodejs\\node.exe',
1 verbose cli   'C:\\Users\\Ari_Grimm\\AppData\\Roaming\\npm\\node_modules\\npm\\bin\\npm-cli.js',
1 verbose cli   'start' ]
2 info using npm@6.4.1
3 info using node@v10.15.3
4 verbose run-script [ 'prestart', 'start', 'poststart' ]
5 info lifecycle notebackend@1.0.0~prestart: notebackend@1.0.0
6 info lifecycle notebackend@1.0.0~start: notebackend@1.0.0
7 verbose lifecycle notebackend@1.0.0~start: unsafe-perm in lifecycle true
8 verbose lifecycle notebackend@1.0.0~start: PATH: C:\Users\Ari_Grimm\AppData\Roaming\npm\node_modules\npm\node_modules\npm-lifecycle\node-gyp-bin;E:\harjoituksia_react\sandbox\backend\node_modules\.bin;C:\Program Files (x86)\Common Files\Oracle\Java\javapath;C:\Windows\system32;C:\Windows;C:\Windows\System32\Wbem;C:\Windows\System32\WindowsPowerShell\v1.0\;C:\Windows\System32\OpenSSH\;C:\ProgramData\ComposerSetup\bin;E:\xampp\php;C:\Program Files\MongoDB\Server\4.0\bin;C:\Program Files (x86)\Microsoft SQL Server\Client SDK\ODBC\130\Tools\Binn\;C:\Program Files (x86)\Microsoft SQL Server\140\Tools\Binn\;C:\Program Files (x86)\Microsoft SQL Server\140\DTS\Binn\;C:\Program Files (x86)\Microsoft SQL Server\140\Tools\Binn\ManagementStudio\;E:\Program Files\Microsoft SQL Server\Client SDK\ODBC\130\Tools\Binn\;E:\Program Files\Microsoft SQL Server\140\Tools\Binn\;E:\Program Files\Microsoft SQL Server\140\DTS\Binn\;C:\Program Files (x86)\Microsoft SQL Server\150\DTS\Binn\;C:\Program Files (x86)\PuTTY\;C:\Program Files (x86)\NVIDIA Corporation\PhysX\Common;C:\Program Files (x86)\Brackets\command;C:\Program Files\nodejs\;e:\Program Files\Git\cmd;C:\Users\Ari_Grimm\AppData\Local\Microsoft\WindowsApps;c:\Users\Ari_Grimm\AppData\Roaming\Composer\vendor\bin;c:\Users\Ari_Grimm\AppData\Local\GitHubDesktop\bin;E:\nodejs;C:\Program Files\MongoDB\Server\4.0\bin;c:\Users\Ari_Grimm\AppData\Local\Programs\Microsoft VS Code\bin;c:\Users\Ari_Grimm\AppData\Local\atom\bin;D:\Ladatut tiedostot\Microsoft JDBC Driver 7.2 for SQL Server\sqljdbc_7.2\enu\mssql-jdbc-7.2.0.jre8.jar;C:\Users\Ari_Grimm\AppData\Local\GitHubDesktop\bin;C:\Program Files\Heroku\bin;c:\Users\Ari_Grimm\AppData\Local\Programs\Microsoft VS Code Insiders\bin;C:\Users\Ari_Grimm\AppData\Roaming\npm;C:\Users\Ari Grimm\AppData\Roaming\npm;
9 verbose lifecycle notebackend@1.0.0~start: CWD: E:\harjoituksia_react\sandbox\backend
10 silly lifecycle notebackend@1.0.0~start: Args: [ '/d /s /c', 'node index.js' ]
11 silly lifecycle notebackend@1.0.0~start: Returned: code: 1  signal: null
12 info lifecycle notebackend@1.0.0~start: Failed to exec start script
13 verbose stack Error: notebackend@1.0.0 start: `node index.js`
13 verbose stack Exit status 1
13 verbose stack     at EventEmitter.<anonymous> (C:\Users\Ari_Grimm\AppData\Roaming\npm\node_modules\npm\node_modules\npm-lifecycle\index.js:301:16)
13 verbose stack     at EventEmitter.emit (events.js:189:13)
13 verbose stack     at ChildProcess.<anonymous> (C:\Users\Ari_Grimm\AppData\Roaming\npm\node_modules\npm\node_modules\npm-lifecycle\lib\spawn.js:55:14)
13 verbose stack     at ChildProcess.emit (events.js:189:13)
13 verbose stack     at maybeClose (internal/child_process.js:970:16)
13 verbose stack     at Process.ChildProcess._handle.onexit (internal/child_process.js:259:5)
14 verbose pkgid notebackend@1.0.0
15 verbose cwd E:\harjoituksia_react\sandbox\backend
16 verbose Windows_NT 10.0.17134
17 verbose argv "C:\\Program Files\\nodejs\\node.exe" "C:\\Users\\Ari_Grimm\\AppData\\Roaming\\npm\\node_modules\\npm\\bin\\npm-cli.js" "start"
18 verbose node v10.15.3
19 verbose npm  v6.4.1
20 error code ELIFECYCLE
21 error errno 1
22 error notebackend@1.0.0 start: `node index.js`
22 error Exit status 1
23 error Failed at the notebackend@1.0.0 start script.
23 error This is probably not a problem with npm. There is likely additional logging output above.
24 verbose exit [ 1, true ]
